
{'Budget_proportion': 1,
 'attr_criterion': True,
 'bce_loss_nita': 0.5,
 'device': 'cuda:0',
 'model_name': 'Nlinear',
 'model_save_path': './save/model_dict/Nlinear_w_var.pth',
 'multi_gpu': False,
 'predictor_batch_size': 200,
 'predictor_epoch_num': 100,
 'predictor_learning_rate': 0.0001,
 'pretrained': False,
 'pretrained_model_path': 'None',
 'save_model': True,
 'var_loss_lambda': 0.5}
Start Train...
Epoch: 0 | Accuracy: 0.891 | Recall: 0.0 | Precision: nan| RMSE: 0.3307| AUC: 0.5 | logloss_mean: 0.3490618201316271
Epoch: 1 | Accuracy: 0.891 | Recall: 0.0 | Precision: nan| RMSE: 0.3307| AUC: 0.5 | logloss_mean: 0.33376403809389443
Epoch: 2 | Accuracy: 0.89 | Recall: 0.0 | Precision: 0.143| RMSE: 0.3309| AUC: 0.5 | logloss_mean: 0.33218463163063366
Epoch: 3 | Accuracy: 0.887 | Recall: 0.005 | Precision: 0.116| RMSE: 0.3357| AUC: 0.5001 | logloss_mean: 0.3312618198614676
Epoch: 4 | Accuracy: 0.887 | Recall: 0.005 | Precision: 0.114| RMSE: 0.3364| AUC: 0.5001 | logloss_mean: 0.3306713555442187
Epoch: 5 | Accuracy: 0.887 | Recall: 0.005 | Precision: 0.11| RMSE: 0.3367| AUC: 0.5 | logloss_mean: 0.3292811455982692
Epoch: 6 | Accuracy: 0.887 | Recall: 0.005 | Precision: 0.111| RMSE: 0.3366| AUC: 0.5 | logloss_mean: 0.3298828481398161
Epoch: 7 | Accuracy: 0.887 | Recall: 0.005 | Precision: 0.116| RMSE: 0.3363| AUC: 0.5002 | logloss_mean: 0.3288897777572998
Epoch: 8 | Accuracy: 0.887 | Recall: 0.005 | Precision: 0.118| RMSE: 0.3361| AUC: 0.5002 | logloss_mean: 0.3287577877200923
Epoch: 9 | Accuracy: 0.888 | Recall: 0.005 | Precision: 0.138| RMSE: 0.3347| AUC: 0.5005 | logloss_mean: 0.3287028341002545
Epoch: 10 | Accuracy: 0.888 | Recall: 0.005 | Precision: 0.158| RMSE: 0.3339| AUC: 0.5008 | logloss_mean: 0.32716605275218347
Epoch: 11 | Accuracy: 0.888 | Recall: 0.005 | Precision: 0.137| RMSE: 0.3347| AUC: 0.5005 | logloss_mean: 0.32692788514191085
Epoch: 12 | Accuracy: 0.889 | Recall: 0.005 | Precision: 0.178| RMSE: 0.3334| AUC: 0.501 | logloss_mean: 0.3272052088264123
Epoch: 13 | Accuracy: 0.888 | Recall: 0.005 | Precision: 0.157| RMSE: 0.334| AUC: 0.5008 | logloss_mean: 0.32666422598497963
Epoch: 14 | Accuracy: 0.888 | Recall: 0.005 | Precision: 0.147| RMSE: 0.3343| AUC: 0.5007 | logloss_mean: 0.32640688752448094
Epoch: 15 | Accuracy: 0.888 | Recall: 0.005 | Precision: 0.131| RMSE: 0.3349| AUC: 0.5004 | logloss_mean: 0.32631334105452287
Epoch: 16 | Accuracy: 0.888 | Recall: 0.005 | Precision: 0.155| RMSE: 0.334| AUC: 0.5008 | logloss_mean: 0.3260682896502967
Epoch: 17 | Accuracy: 0.888 | Recall: 0.005 | Precision: 0.152| RMSE: 0.3341| AUC: 0.5007 | logloss_mean: 0.32580549711162604
Epoch: 18 | Accuracy: 0.889 | Recall: 0.005 | Precision: 0.17| RMSE: 0.3336| AUC: 0.5009 | logloss_mean: 0.3253756468048663
Epoch: 19 | Accuracy: 0.889 | Recall: 0.005 | Precision: 0.16| RMSE: 0.3339| AUC: 0.5008 | logloss_mean: 0.3256719838104491
Epoch: 20 | Accuracy: 0.888 | Recall: 0.005 | Precision: 0.157| RMSE: 0.334| AUC: 0.5008 | logloss_mean: 0.32478633041954735
Epoch: 21 | Accuracy: 0.888 | Recall: 0.005 | Precision: 0.154| RMSE: 0.3341| AUC: 0.5007 | logloss_mean: 0.32482835560024365
Epoch: 22 | Accuracy: 0.889 | Recall: 0.005 | Precision: 0.165| RMSE: 0.3338| AUC: 0.5009 | logloss_mean: 0.32463800793206227
Epoch: 23 | Accuracy: 0.889 | Recall: 0.004 | Precision: 0.161| RMSE: 0.3337| AUC: 0.5008 | logloss_mean: 0.3240312390318773
Epoch: 24 | Accuracy: 0.889 | Recall: 0.005 | Precision: 0.16| RMSE: 0.3339| AUC: 0.5008 | logloss_mean: 0.32395669788990206
Epoch: 25 | Accuracy: 0.887 | Recall: 0.021 | Precision: 0.291| RMSE: 0.3356| AUC: 0.5073 | logloss_mean: 0.3163875519180471
Epoch: 26 | Accuracy: 0.89 | Recall: 0.01 | Precision: 0.422| RMSE: 0.3313| AUC: 0.5042 | logloss_mean: 0.296250335962593
Epoch: 27 | Accuracy: 0.89 | Recall: 0.006 | Precision: 0.407| RMSE: 0.3312| AUC: 0.5026 | logloss_mean: 0.2906647896918568
Epoch: 28 | Accuracy: 0.89 | Recall: 0.014 | Precision: 0.459| RMSE: 0.3311| AUC: 0.5061 | logloss_mean: 0.28771267594426003
Epoch: 29 | Accuracy: 0.89 | Recall: 0.006 | Precision: 0.449| RMSE: 0.3309| AUC: 0.5027 | logloss_mean: 0.28562298966842947
Epoch: 30 | Accuracy: 0.89 | Recall: 0.012 | Precision: 0.436| RMSE: 0.3313| AUC: 0.5049 | logloss_mean: 0.2837507503776296
Epoch: 31 | Accuracy: 0.89 | Recall: 0.008 | Precision: 0.414| RMSE: 0.3313| AUC: 0.5034 | logloss_mean: 0.28175873141193275
Epoch: 32 | Accuracy: 0.89 | Recall: 0.005 | Precision: 0.409| RMSE: 0.3311| AUC: 0.5021 | logloss_mean: 0.2812485643165204
Epoch: 33 | Accuracy: 0.89 | Recall: 0.003 | Precision: 0.353| RMSE: 0.3312| AUC: 0.5013 | logloss_mean: 0.27988007827435885
Epoch: 34 | Accuracy: 0.89 | Recall: 0.012 | Precision: 0.402| RMSE: 0.3317| AUC: 0.505 | logloss_mean: 0.2783864892983032
Epoch: 35 | Accuracy: 0.89 | Recall: 0.007 | Precision: 0.424| RMSE: 0.3311| AUC: 0.503 | logloss_mean: 0.2778284196533914
Epoch: 36 | Accuracy: 0.89 | Recall: 0.002 | Precision: 0.269| RMSE: 0.3313| AUC: 0.5007 | logloss_mean: 0.27706416614932344
Epoch: 37 | Accuracy: 0.89 | Recall: 0.008 | Precision: 0.446| RMSE: 0.331| AUC: 0.5035 | logloss_mean: 0.2764931975601657
Epoch: 38 | Accuracy: 0.89 | Recall: 0.006 | Precision: 0.449| RMSE: 0.3309| AUC: 0.5027 | logloss_mean: 0.2760793597446483
Epoch: 39 | Accuracy: 0.891 | Recall: 0.005 | Precision: 0.528| RMSE: 0.3306| AUC: 0.5024 | logloss_mean: 0.27520981852363036
Epoch: 40 | Accuracy: 0.89 | Recall: 0.01 | Precision: 0.439| RMSE: 0.3312| AUC: 0.5043 | logloss_mean: 0.2741631752838498
Epoch: 41 | Accuracy: 0.891 | Recall: 0.007 | Precision: 0.481| RMSE: 0.3308| AUC: 0.5031 | logloss_mean: 0.273902211519121
Epoch: 42 | Accuracy: 0.891 | Recall: 0.007 | Precision: 0.522| RMSE: 0.3306| AUC: 0.5031 | logloss_mean: 0.27383385815666716
Epoch: 43 | Accuracy: 0.891 | Recall: 0.005 | Precision: 0.471| RMSE: 0.3308| AUC: 0.502 | logloss_mean: 0.27332321066156173
Epoch: 44 | Accuracy: 0.891 | Recall: 0.019 | Precision: 0.541| RMSE: 0.3302| AUC: 0.5085 | logloss_mean: 0.27235336225588347
Epoch: 45 | Accuracy: 0.891 | Recall: 0.012 | Precision: 0.623| RMSE: 0.3299| AUC: 0.5057 | logloss_mean: 0.27246068588014943
Epoch: 46 | Accuracy: 0.891 | Recall: 0.009 | Precision: 0.542| RMSE: 0.3305| AUC: 0.5041 | logloss_mean: 0.27212639706372055
Epoch: 47 | Accuracy: 0.891 | Recall: 0.015 | Precision: 0.58| RMSE: 0.33| AUC: 0.5067 | logloss_mean: 0.2707686105073945
Epoch: 48 | Accuracy: 0.891 | Recall: 0.02 | Precision: 0.573| RMSE: 0.3298| AUC: 0.5092 | logloss_mean: 0.2707005513343707
Epoch: 49 | Accuracy: 0.892 | Recall: 0.018 | Precision: 0.667| RMSE: 0.3292| AUC: 0.5086 | logloss_mean: 0.27000686647460875
Epoch: 50 | Accuracy: 0.892 | Recall: 0.028 | Precision: 0.619| RMSE: 0.3289| AUC: 0.5127 | logloss_mean: 0.2695510518529172
Epoch: 51 | Accuracy: 0.891 | Recall: 0.027 | Precision: 0.57| RMSE: 0.3296| AUC: 0.5122 | logloss_mean: 0.26941020256902987
Epoch: 52 | Accuracy: 0.892 | Recall: 0.026 | Precision: 0.605| RMSE: 0.3292| AUC: 0.5117 | logloss_mean: 0.2691257354595418
Epoch: 53 | Accuracy: 0.891 | Recall: 0.026 | Precision: 0.582| RMSE: 0.3295| AUC: 0.5116 | logloss_mean: 0.26807919926760554
Epoch: 54 | Accuracy: 0.891 | Recall: 0.032 | Precision: 0.557| RMSE: 0.3296| AUC: 0.5145 | logloss_mean: 0.2674139566647196
Epoch: 55 | Accuracy: 0.891 | Recall: 0.031 | Precision: 0.532| RMSE: 0.3301| AUC: 0.5138 | logloss_mean: 0.2666908854311242
Epoch: 56 | Accuracy: 0.892 | Recall: 0.027 | Precision: 0.586| RMSE: 0.3294| AUC: 0.5124 | logloss_mean: 0.266584847610697
Epoch: 57 | Accuracy: 0.892 | Recall: 0.028 | Precision: 0.604| RMSE: 0.3291| AUC: 0.5126 | logloss_mean: 0.26585459604280665
Epoch: 58 | Accuracy: 0.891 | Recall: 0.071 | Precision: 0.525| RMSE: 0.3296| AUC: 0.5316 | logloss_mean: 0.2654504776543495
Epoch: 59 | Accuracy: 0.891 | Recall: 0.067 | Precision: 0.513| RMSE: 0.3301| AUC: 0.5297 | logloss_mean: 0.2642662488104938
Epoch: 60 | Accuracy: 0.891 | Recall: 0.059 | Precision: 0.535| RMSE: 0.3294| AUC: 0.5265 | logloss_mean: 0.26393866994716586
Epoch: 61 | Accuracy: 0.892 | Recall: 0.058 | Precision: 0.549| RMSE: 0.329| AUC: 0.5261 | logloss_mean: 0.2624607765595022
Epoch: 62 | Accuracy: 0.89 | Recall: 0.057 | Precision: 0.473| RMSE: 0.3318| AUC: 0.5245 | logloss_mean: 0.2620118181537656
Epoch: 63 | Accuracy: 0.891 | Recall: 0.058 | Precision: 0.508| RMSE: 0.3304| AUC: 0.5255 | logloss_mean: 0.2615876365453005
Epoch: 64 | Accuracy: 0.891 | Recall: 0.073 | Precision: 0.507| RMSE: 0.3304| AUC: 0.5322 | logloss_mean: 0.26211752035447117
Epoch: 65 | Accuracy: 0.892 | Recall: 0.051 | Precision: 0.544| RMSE: 0.3293| AUC: 0.523 | logloss_mean: 0.2605369791063001
Epoch: 66 | Accuracy: 0.892 | Recall: 0.046 | Precision: 0.553| RMSE: 0.3292| AUC: 0.5208 | logloss_mean: 0.26029009274342685
Epoch: 67 | Accuracy: 0.892 | Recall: 0.068 | Precision: 0.54| RMSE: 0.329| AUC: 0.5307 | logloss_mean: 0.25933296506483
Epoch: 68 | Accuracy: 0.889 | Recall: 0.103 | Precision: 0.462| RMSE: 0.3335| AUC: 0.544 | logloss_mean: 0.2583535570759796
Epoch: 69 | Accuracy: 0.891 | Recall: 0.067 | Precision: 0.515| RMSE: 0.33| AUC: 0.5298 | logloss_mean: 0.25801552544592077
Epoch: 70 | Accuracy: 0.889 | Recall: 0.071 | Precision: 0.454| RMSE: 0.3331| AUC: 0.5304 | logloss_mean: 0.2581002576620255
Epoch: 71 | Accuracy: 0.89 | Recall: 0.059 | Precision: 0.465| RMSE: 0.3322| AUC: 0.5252 | logloss_mean: 0.25661532866578657
Epoch: 72 | Accuracy: 0.891 | Recall: 0.061 | Precision: 0.495| RMSE: 0.3309| AUC: 0.5266 | logloss_mean: 0.25667398312644474
Epoch: 73 | Accuracy: 0.892 | Recall: 0.072 | Precision: 0.531| RMSE: 0.3293| AUC: 0.5321 | logloss_mean: 0.2566316860357245
Epoch: 74 | Accuracy: 0.891 | Recall: 0.064 | Precision: 0.531| RMSE: 0.3295| AUC: 0.5285 | logloss_mean: 0.2562580664000175
Epoch: 75 | Accuracy: 0.89 | Recall: 0.066 | Precision: 0.481| RMSE: 0.3315| AUC: 0.5287 | logloss_mean: 0.25557128736044016
Epoch: 76 | Accuracy: 0.888 | Recall: 0.087 | Precision: 0.439| RMSE: 0.3347| AUC: 0.5366 | logloss_mean: 0.25495022690845925
Epoch: 77 | Accuracy: 0.891 | Recall: 0.04 | Precision: 0.493| RMSE: 0.3309| AUC: 0.5175 | logloss_mean: 0.2546773624687808
Epoch: 78 | Accuracy: 0.891 | Recall: 0.065 | Precision: 0.509| RMSE: 0.3303| AUC: 0.5288 | logloss_mean: 0.25396468556368523
Epoch: 79 | Accuracy: 0.891 | Recall: 0.055 | Precision: 0.504| RMSE: 0.3306| AUC: 0.5241 | logloss_mean: 0.25352962533898143
Epoch: 80 | Accuracy: 0.889 | Recall: 0.067 | Precision: 0.463| RMSE: 0.3325| AUC: 0.5289 | logloss_mean: 0.2534472332562058
Epoch: 81 | Accuracy: 0.891 | Recall: 0.088 | Precision: 0.503| RMSE: 0.3305| AUC: 0.5388 | logloss_mean: 0.2530113512161866
Epoch: 82 | Accuracy: 0.891 | Recall: 0.058 | Precision: 0.523| RMSE: 0.3298| AUC: 0.526 | logloss_mean: 0.2524792853091816
Epoch: 83 | Accuracy: 0.892 | Recall: 0.067 | Precision: 0.547| RMSE: 0.3288| AUC: 0.5301 | logloss_mean: 0.25264817899436626
Epoch: 84 | Accuracy: 0.89 | Recall: 0.099 | Precision: 0.483| RMSE: 0.3318| AUC: 0.5428 | logloss_mean: 0.25183411735534955
Epoch: 85 | Accuracy: 0.891 | Recall: 0.053 | Precision: 0.508| RMSE: 0.3304| AUC: 0.5234 | logloss_mean: 0.25038938625778967
Epoch: 86 | Accuracy: 0.892 | Recall: 0.079 | Precision: 0.535| RMSE: 0.329| AUC: 0.5354 | logloss_mean: 0.2507875427712225
Epoch: 87 | Accuracy: 0.892 | Recall: 0.052 | Precision: 0.586| RMSE: 0.3282| AUC: 0.5237 | logloss_mean: 0.25051072733567176
Epoch: 88 | Accuracy: 0.891 | Recall: 0.052 | Precision: 0.515| RMSE: 0.3302| AUC: 0.5232 | logloss_mean: 0.2507809645957449
Epoch: 89 | Accuracy: 0.889 | Recall: 0.104 | Precision: 0.473| RMSE: 0.3326| AUC: 0.545 | logloss_mean: 0.2498070815017501
Epoch: 90 | Accuracy: 0.892 | Recall: 0.073 | Precision: 0.536| RMSE: 0.3291| AUC: 0.5326 | logloss_mean: 0.2497239150649425
Epoch: 91 | Accuracy: 0.891 | Recall: 0.081 | Precision: 0.521| RMSE: 0.3296| AUC: 0.5357 | logloss_mean: 0.24941554775877486
Epoch: 92 | Accuracy: 0.885 | Recall: 0.127 | Precision: 0.421| RMSE: 0.3384| AUC: 0.5526 | logloss_mean: 0.24920269796281186
Epoch: 93 | Accuracy: 0.891 | Recall: 0.091 | Precision: 0.502| RMSE: 0.3306| AUC: 0.5401 | logloss_mean: 0.24901277244597383
Epoch: 94 | Accuracy: 0.892 | Recall: 0.064 | Precision: 0.543| RMSE: 0.329| AUC: 0.5286 | logloss_mean: 0.24846684820588352
Epoch: 95 | Accuracy: 0.89 | Recall: 0.102 | Precision: 0.491| RMSE: 0.3313| AUC: 0.5446 | logloss_mean: 0.24759952839717125
Epoch: 96 | Accuracy: 0.886 | Recall: 0.144 | Precision: 0.441| RMSE: 0.3371| AUC: 0.5609 | logloss_mean: 0.24784024897058612
Epoch: 97 | Accuracy: 0.891 | Recall: 0.067 | Precision: 0.53| RMSE: 0.3295| AUC: 0.5297 | logloss_mean: 0.24748537295217654
Epoch: 98 | Accuracy: 0.886 | Recall: 0.119 | Precision: 0.428| RMSE: 0.3373| AUC: 0.5499 | logloss_mean: 0.2465670337466505
Epoch: 99 | Accuracy: 0.89 | Recall: 0.091 | Precision: 0.484| RMSE: 0.3317| AUC: 0.5397 | logloss_mean: 0.24682097381107437
Training Finish
best model performance, AUC: 0.5609 | logloss: 0.2465670337466505